<?xml version="1.0" encoding="UTF-8"?>
<!-- Generated by org.testng.reporters.JUnitReportReporter -->
<testsuite skipped="0" hostname="Lenovo-PC" name="com.Bank.testCases.TC_addCustomer_003" tests="1" failures="0" timestamp="2021-03-01T16:07:26 EST" time="4.553" errors="0">
  <testcase name="addcustomer" time="4.553" classname="com.Bank.testCases.TC_addCustomer_003"/>
  <system-out/>
</testsuite> <!-- com.Bank.testCases.TC_addCustomer_003 -->
