<?xml version="1.0" encoding="UTF-8"?>
<!-- Generated by org.testng.reporters.JUnitReportReporter -->
<testsuite skipped="0" hostname="Lenovo-PC" name="com.Bank.testCases.TC_loginPage_001" tests="1" failures="0" timestamp="2021-02-16T13:16:35 EST" time="4.680" errors="0">
  <testcase name="loginPage" time="4.680" classname="com.Bank.testCases.TC_loginPage_001"/>
  <system-out/>
</testsuite> <!-- com.Bank.testCases.TC_loginPage_001 -->
